Success (16):
content 6460 _a-0000e2cb-d2c4-8000-23f0-01ef9001ef90_44951 "PS Rules and Constants"
content 6461 _a-0000e2cb-d2c4-8000-23f0-01ef9001ef90_44956 "PS_CONS1"
content 6462 _a-0000e2cb-d2c4-8000-23f0-01ef9001ef90_44962 "PS_CONS_2"
content 6463 _a-0000e2cb-d2c4-8000-23f0-01ef9001ef90_44968 "PS_CONS_3"
content 6464 _a-0000e2cb-d2c4-8000-23f0-01ef9001ef90_45302 "PS_EMOPLOYEE"
content 6465 _a-0000e2cb-d2c4-8000-23f0-01ef9001ef90_45308 "PS_CUSOMER_1"
content 6466 _a-0000e2cb-d2c4-8000-23f0-01ef9001ef90_45468 "PS_GetEmployee"
content 6467 _a-0000e2cb-d2c4-8000-23f0-01ef9001ef90_45488 "PS_getCustomer"
content 6468 _a-0000e2cb-d2c4-8000-23f0-01ef9001ef90_45569 "PS_getUsername"
content 6469 _a-0000e2cb-d2c4-8000-23f0-01ef9001ef90_45632 "PS_uiSectionCapturePaymentDetails"
content 6476 _a-0000e2cb-d2c4-8000-23f0-01ef9001ef90_45665 "PAS_getCustomer"
content 6485 _a-0000e2cb-d2c4-8000-23f0-01ef9001ef90_45671 "PAS_getPrimaryDetails"
content 6478 _a-0000e2cb-d2c4-8000-23f0-01ef9001ef90_45677 "PAS_CUSTOMER_ID"
processModelFolder 6 _g-0000e2cb-d2c4-8000-23f0-014d98014d98_31 "PS PM folder"
processModel 161 0002e32c-345b-8000-23f0-014d98014d98 "PS_startForm"
application 6470 _a-0000e2cb-d2c4-8000-23f0-01ef9001ef90_44946 "Payment Screening"

Trace:
2019-09-30 09:19:28.249 DEBUG application 6470 _a-0000e2cb-d2c4-8000-23f0-01ef9001ef90_44946 Begin transport.
2019-09-30 09:19:28.249 DEBUG application 6470 _a-0000e2cb-d2c4-8000-23f0-01ef9001ef90_44946 Retrieving object data.
2019-09-30 09:19:28.254 DEBUG application 6470 _a-0000e2cb-d2c4-8000-23f0-01ef9001ef90_44946 App associated objects: [content=[_a-0000e2cb-d2c4-8000-23f0-01ef9001ef90_44951, _a-0000e2cb-d2c4-8000-23f0-01ef9001ef90_44956, _a-0000e2cb-d2c4-8000-23f0-01ef9001ef90_44962, _a-0000e2cb-d2c4-8000-23f0-01ef9001ef90_44968, _a-0000e2cb-d2c4-8000-23f0-01ef9001ef90_45302, _a-0000e2cb-d2c4-8000-23f0-01ef9001ef90_45308, _a-0000e2cb-d2c4-8000-23f0-01ef9001ef90_45468, _a-0000e2cb-d2c4-8000-23f0-01ef9001ef90_45488, _a-0000e2cb-d2c4-8000-23f0-01ef9001ef90_45569, _a-0000e2cb-d2c4-8000-23f0-01ef9001ef90_45632, _a-0000e2cb-d2c4-8000-23f0-01ef9001ef90_45665, _a-0000e2cb-d2c4-8000-23f0-01ef9001ef90_45671, _a-0000e2cb-d2c4-8000-23f0-01ef9001ef90_45677],processModelFolder=[_g-0000e2cb-d2c4-8000-23f0-014d98014d98_31],processModel=[0002e32c-345b-8000-23f0-014d98014d98]]
2019-09-30 09:19:28.262 DEBUG application 6470 _a-0000e2cb-d2c4-8000-23f0-01ef9001ef90_44946 Invalid associated objects: []
2019-09-30 09:19:28.262 DEBUG application 6470 _a-0000e2cb-d2c4-8000-23f0-01ef9001ef90_44946 Adding valid associated objects to be exported: GlobalBindingMap[content={_a-0000e2cb-d2c4-8000-23f0-01ef9001ef90_44951=6460, _a-0000e2cb-d2c4-8000-23f0-01ef9001ef90_44956=6461, _a-0000e2cb-d2c4-8000-23f0-01ef9001ef90_44962=6462, _a-0000e2cb-d2c4-8000-23f0-01ef9001ef90_44968=6463, _a-0000e2cb-d2c4-8000-23f0-01ef9001ef90_45302=6464, _a-0000e2cb-d2c4-8000-23f0-01ef9001ef90_45308=6465, _a-0000e2cb-d2c4-8000-23f0-01ef9001ef90_45468=6466, _a-0000e2cb-d2c4-8000-23f0-01ef9001ef90_45488=6467, _a-0000e2cb-d2c4-8000-23f0-01ef9001ef90_45569=6468, _a-0000e2cb-d2c4-8000-23f0-01ef9001ef90_45632=6469, _a-0000e2cb-d2c4-8000-23f0-01ef9001ef90_45665=6476, _a-0000e2cb-d2c4-8000-23f0-01ef9001ef90_45671=6485, _a-0000e2cb-d2c4-8000-23f0-01ef9001ef90_45677=6478},processModelFolder={_g-0000e2cb-d2c4-8000-23f0-014d98014d98_31=6},processModel={0002e32c-345b-8000-23f0-014d98014d98=161}]
2019-09-30 09:19:28.262 DEBUG application 6470 _a-0000e2cb-d2c4-8000-23f0-01ef9001ef90_44946 Setting uuids of object references.
2019-09-30 09:19:28.264 DEBUG application 6470 _a-0000e2cb-d2c4-8000-23f0-01ef9001ef90_44946 Processing reference: Application.forum
2019-09-30 09:19:28.265 DEBUG application 6470 _a-0000e2cb-d2c4-8000-23f0-01ef9001ef90_44946 Processing reference: Application.parent
2019-09-30 09:19:28.27 DEBUG application 6470 _a-0000e2cb-d2c4-8000-23f0-01ef9001ef90_44946 Processing reference: com.appiancorp.suiteapi.content.ContentRoleMap@18380fa4[
  ContentRole[name=readers,inherit=false,allowForAll=false]
  ContentRole[name=authors,inherit=false,allowForAll=false]
  ContentRole[name=administrators,inherit=false,allowForAll=false]
  ContentRole[name=denyReaders,inherit=false,allowForAll=false]
  ContentRole[name=denyAuthors,inherit=false,allowForAll=false]
  ContentRole[name=denyAdministrators,inherit=false,allowForAll=false]
  securityVector=1:SEC_PUBLIC=true,SEC_CREATOR_ADMIN=false,SEC_INH_ADMIN=false,SEC_INH_EDITOR=false,SEC_INH_VIEWER=false,SEC_ALL_ADMIN=false,SEC_ALL_EDITOR=false,SEC_ALL_VIEWER=false
]
2019-09-30 09:19:28.27 DEBUG application 6470 _a-0000e2cb-d2c4-8000-23f0-01ef9001ef90_44946 Processing reference: ContentRole[name=readers,inherit=false,allowForAll=false]
2019-09-30 09:19:28.27 DEBUG application 6470 _a-0000e2cb-d2c4-8000-23f0-01ef9001ef90_44946 Processing reference: ContentRole[name=authors,inherit=false,allowForAll=false]
2019-09-30 09:19:28.271 DEBUG application 6470 _a-0000e2cb-d2c4-8000-23f0-01ef9001ef90_44946 Processing reference: ContentRole[name=administrators,inherit=false,allowForAll=false]
2019-09-30 09:19:28.271 DEBUG application 6470 _a-0000e2cb-d2c4-8000-23f0-01ef9001ef90_44946 Processing reference: ContentRole[name=denyReaders,inherit=false,allowForAll=false]
2019-09-30 09:19:28.271 DEBUG application 6470 _a-0000e2cb-d2c4-8000-23f0-01ef9001ef90_44946 Processing reference: ContentRole[name=denyAuthors,inherit=false,allowForAll=false]
2019-09-30 09:19:28.271 DEBUG application 6470 _a-0000e2cb-d2c4-8000-23f0-01ef9001ef90_44946 Processing reference: ContentRole[name=denyAdministrators,inherit=false,allowForAll=false]
2019-09-30 09:19:28.274 DEBUG content 6460 _a-0000e2cb-d2c4-8000-23f0-01ef9001ef90_44951 Begin transport.
2019-09-30 09:19:28.274 DEBUG content 6460 _a-0000e2cb-d2c4-8000-23f0-01ef9001ef90_44951 Retrieving object data.
2019-09-30 09:19:28.285 DEBUG content 6460 _a-0000e2cb-d2c4-8000-23f0-01ef9001ef90_44951 Setting uuids of object references.
2019-09-30 09:19:28.285 DEBUG content 6460 _a-0000e2cb-d2c4-8000-23f0-01ef9001ef90_44951 Processing reference: RulesFolder.forum
2019-09-30 09:19:28.285 DEBUG content 6460 _a-0000e2cb-d2c4-8000-23f0-01ef9001ef90_44951 Processing reference: RulesFolder.parent
2019-09-30 09:19:28.288 DEBUG content 6460 _a-0000e2cb-d2c4-8000-23f0-01ef9001ef90_44951 Processing reference: com.appiancorp.suiteapi.content.ContentRoleMap@359e69c9[
  ContentRole[name=readers,inherit=false,allowForAll=false]
  ContentRole[name=authors,inherit=false,allowForAll=false]
  ContentRole[name=administrators,inherit=false,allowForAll=false]
  ContentRole[name=denyReaders,inherit=false,allowForAll=false]
  ContentRole[name=denyAuthors,inherit=false,allowForAll=false]
  ContentRole[name=denyAdministrators,inherit=false,allowForAll=false]
  securityVector=1:SEC_PUBLIC=true,SEC_CREATOR_ADMIN=false,SEC_INH_ADMIN=false,SEC_INH_EDITOR=false,SEC_INH_VIEWER=false,SEC_ALL_ADMIN=false,SEC_ALL_EDITOR=false,SEC_ALL_VIEWER=false
]
2019-09-30 09:19:28.289 DEBUG content 6460 _a-0000e2cb-d2c4-8000-23f0-01ef9001ef90_44951 Processing reference: ContentRole[name=readers,inherit=false,allowForAll=false]
2019-09-30 09:19:28.289 DEBUG content 6460 _a-0000e2cb-d2c4-8000-23f0-01ef9001ef90_44951 Processing reference: ContentRole[name=authors,inherit=false,allowForAll=false]
2019-09-30 09:19:28.289 DEBUG content 6460 _a-0000e2cb-d2c4-8000-23f0-01ef9001ef90_44951 Processing reference: ContentRole[name=administrators,inherit=false,allowForAll=false]
2019-09-30 09:19:28.289 DEBUG content 6460 _a-0000e2cb-d2c4-8000-23f0-01ef9001ef90_44951 Processing reference: ContentRole[name=denyReaders,inherit=false,allowForAll=false]
2019-09-30 09:19:28.289 DEBUG content 6460 _a-0000e2cb-d2c4-8000-23f0-01ef9001ef90_44951 Processing reference: ContentRole[name=denyAuthors,inherit=false,allowForAll=false]
2019-09-30 09:19:28.289 DEBUG content 6460 _a-0000e2cb-d2c4-8000-23f0-01ef9001ef90_44951 Processing reference: ContentRole[name=denyAdministrators,inherit=false,allowForAll=false]
2019-09-30 09:19:28.289 DEBUG content 6460 _a-0000e2cb-d2c4-8000-23f0-01ef9001ef90_44951 Completing produce.
2019-09-30 09:19:28.289 DEBUG content 6460 _a-0000e2cb-d2c4-8000-23f0-01ef9001ef90_44951 Exporting binary resources.
2019-09-30 09:19:28.289 DEBUG content 6460 _a-0000e2cb-d2c4-8000-23f0-01ef9001ef90_44951 Serializing object to XML.
2019-09-30 09:19:28.29 DEBUG content 6460 _a-0000e2cb-d2c4-8000-23f0-01ef9001ef90_44951 Object transported.
2019-09-30 09:19:28.29 DEBUG content 6461 _a-0000e2cb-d2c4-8000-23f0-01ef9001ef90_44956 Begin transport.
2019-09-30 09:19:28.29 DEBUG content 6461 _a-0000e2cb-d2c4-8000-23f0-01ef9001ef90_44956 Retrieving object data.
2019-09-30 09:19:28.299 DEBUG content 6461 _a-0000e2cb-d2c4-8000-23f0-01ef9001ef90_44956 Setting uuids of object references.
2019-09-30 09:19:28.299 DEBUG content 6461 _a-0000e2cb-d2c4-8000-23f0-01ef9001ef90_44956 Processing reference: [Content:id=6461,versionId=-1,name=PS_CONS1,type=32,subtype=0,uuid=_a-0000e2cb-d2c4-8000-23f0-01ef9001ef90_44956,parent=6460]
2019-09-30 09:19:28.3 DEBUG content 6461 _a-0000e2cb-d2c4-8000-23f0-01ef9001ef90_44956 Processing reference: Constant.forum
2019-09-30 09:19:28.3 DEBUG content 6461 _a-0000e2cb-d2c4-8000-23f0-01ef9001ef90_44956 Processing reference: Constant.parent
2019-09-30 09:19:28.303 DEBUG content 6461 _a-0000e2cb-d2c4-8000-23f0-01ef9001ef90_44956 Processing reference: com.appiancorp.suiteapi.content.ContentRoleMap@203f5428[
  ContentRole[name=readers,inherit=true,allowForAll=false]
  ContentRole[name=authors,inherit=true,allowForAll=false]
  ContentRole[name=administrators,inherit=true,allowForAll=false]
  ContentRole[name=denyReaders,inherit=false,allowForAll=false]
  ContentRole[name=denyAuthors,inherit=false,allowForAll=false]
  ContentRole[name=denyAdministrators,inherit=false,allowForAll=false]
  securityVector=15:SEC_PUBLIC=true,SEC_CREATOR_ADMIN=false,SEC_INH_ADMIN=true,SEC_INH_EDITOR=true,SEC_INH_VIEWER=true,SEC_ALL_ADMIN=false,SEC_ALL_EDITOR=false,SEC_ALL_VIEWER=false
]
2019-09-30 09:19:28.304 DEBUG content 6461 _a-0000e2cb-d2c4-8000-23f0-01ef9001ef90_44956 Processing reference: ContentRole[name=readers,inherit=true,allowForAll=false]
2019-09-30 09:19:28.304 DEBUG content 6461 _a-0000e2cb-d2c4-8000-23f0-01ef9001ef90_44956 Processing reference: ContentRole[name=authors,inherit=true,allowForAll=false]
2019-09-30 09:19:28.304 DEBUG content 6461 _a-0000e2cb-d2c4-8000-23f0-01ef9001ef90_44956 Processing reference: ContentRole[name=administrators,inherit=true,allowForAll=false]
2019-09-30 09:19:28.304 DEBUG content 6461 _a-0000e2cb-d2c4-8000-23f0-01ef9001ef90_44956 Processing reference: ContentRole[name=denyReaders,inherit=false,allowForAll=false]
2019-09-30 09:19:28.304 DEBUG content 6461 _a-0000e2cb-d2c4-8000-23f0-01ef9001ef90_44956 Processing reference: ContentRole[name=denyAuthors,inherit=false,allowForAll=false]
2019-09-30 09:19:28.304 DEBUG content 6461 _a-0000e2cb-d2c4-8000-23f0-01ef9001ef90_44956 Processing reference: ContentRole[name=denyAdministrators,inherit=false,allowForAll=false]
2019-09-30 09:19:28.304 DEBUG content 6461 _a-0000e2cb-d2c4-8000-23f0-01ef9001ef90_44956 Completing produce.
2019-09-30 09:19:28.304 DEBUG content 6461 _a-0000e2cb-d2c4-8000-23f0-01ef9001ef90_44956 Exporting binary resources.
2019-09-30 09:19:28.304 DEBUG content 6461 _a-0000e2cb-d2c4-8000-23f0-01ef9001ef90_44956 Serializing object to XML.
2019-09-30 09:19:28.427 DEBUG content 6461 _a-0000e2cb-d2c4-8000-23f0-01ef9001ef90_44956 Object transported.
2019-09-30 09:19:28.427 DEBUG content 6462 _a-0000e2cb-d2c4-8000-23f0-01ef9001ef90_44962 Begin transport.
2019-09-30 09:19:28.427 DEBUG content 6462 _a-0000e2cb-d2c4-8000-23f0-01ef9001ef90_44962 Retrieving object data.
2019-09-30 09:19:28.436 DEBUG content 6462 _a-0000e2cb-d2c4-8000-23f0-01ef9001ef90_44962 Setting uuids of object references.
2019-09-30 09:19:28.436 DEBUG content 6462 _a-0000e2cb-d2c4-8000-23f0-01ef9001ef90_44962 Processing reference: [Content:id=6462,versionId=-1,name=PS_CONS_2,type=32,subtype=0,uuid=_a-0000e2cb-d2c4-8000-23f0-01ef9001ef90_44962,parent=6460]
2019-09-30 09:19:28.436 DEBUG content 6462 _a-0000e2cb-d2c4-8000-23f0-01ef9001ef90_44962 Processing reference: Constant.forum
2019-09-30 09:19:28.437 DEBUG content 6462 _a-0000e2cb-d2c4-8000-23f0-01ef9001ef90_44962 Processing reference: Constant.parent
2019-09-30 09:19:28.44 DEBUG content 6462 _a-0000e2cb-d2c4-8000-23f0-01ef9001ef90_44962 Processing reference: com.appiancorp.suiteapi.content.ContentRoleMap@270b10b6[
  ContentRole[name=readers,inherit=true,allowForAll=false]
  ContentRole[name=authors,inherit=true,allowForAll=false]
  ContentRole[name=administrators,inherit=true,allowForAll=false]
  ContentRole[name=denyReaders,inherit=false,allowForAll=false]
  ContentRole[name=denyAuthors,inherit=false,allowForAll=false]
  ContentRole[name=denyAdministrators,inherit=false,allowForAll=false]
  securityVector=15:SEC_PUBLIC=true,SEC_CREATOR_ADMIN=false,SEC_INH_ADMIN=true,SEC_INH_EDITOR=true,SEC_INH_VIEWER=true,SEC_ALL_ADMIN=false,SEC_ALL_EDITOR=false,SEC_ALL_VIEWER=false
]
2019-09-30 09:19:28.44 DEBUG content 6462 _a-0000e2cb-d2c4-8000-23f0-01ef9001ef90_44962 Processing reference: ContentRole[name=readers,inherit=true,allowForAll=false]
2019-09-30 09:19:28.44 DEBUG content 6462 _a-0000e2cb-d2c4-8000-23f0-01ef9001ef90_44962 Processing reference: ContentRole[name=authors,inherit=true,allowForAll=false]
2019-09-30 09:19:28.44 DEBUG content 6462 _a-0000e2cb-d2c4-8000-23f0-01ef9001ef90_44962 Processing reference: ContentRole[name=administrators,inherit=true,allowForAll=false]
2019-09-30 09:19:28.44 DEBUG content 6462 _a-0000e2cb-d2c4-8000-23f0-01ef9001ef90_44962 Processing reference: ContentRole[name=denyReaders,inherit=false,allowForAll=false]
2019-09-30 09:19:28.44 DEBUG content 6462 _a-0000e2cb-d2c4-8000-23f0-01ef9001ef90_44962 Processing reference: ContentRole[name=denyAuthors,inherit=false,allowForAll=false]
2019-09-30 09:19:28.441 DEBUG content 6462 _a-0000e2cb-d2c4-8000-23f0-01ef9001ef90_44962 Processing reference: ContentRole[name=denyAdministrators,inherit=false,allowForAll=false]
2019-09-30 09:19:28.441 DEBUG content 6462 _a-0000e2cb-d2c4-8000-23f0-01ef9001ef90_44962 Completing produce.
2019-09-30 09:19:28.441 DEBUG content 6462 _a-0000e2cb-d2c4-8000-23f0-01ef9001ef90_44962 Exporting binary resources.
2019-09-30 09:19:28.441 DEBUG content 6462 _a-0000e2cb-d2c4-8000-23f0-01ef9001ef90_44962 Serializing object to XML.
2019-09-30 09:19:28.444 DEBUG content 6462 _a-0000e2cb-d2c4-8000-23f0-01ef9001ef90_44962 Object transported.
2019-09-30 09:19:28.444 DEBUG content 6463 _a-0000e2cb-d2c4-8000-23f0-01ef9001ef90_44968 Begin transport.
2019-09-30 09:19:28.444 DEBUG content 6463 _a-0000e2cb-d2c4-8000-23f0-01ef9001ef90_44968 Retrieving object data.
2019-09-30 09:19:28.454 DEBUG content 6463 _a-0000e2cb-d2c4-8000-23f0-01ef9001ef90_44968 Setting uuids of object references.
2019-09-30 09:19:28.454 DEBUG content 6463 _a-0000e2cb-d2c4-8000-23f0-01ef9001ef90_44968 Processing reference: [Content:id=6463,versionId=-1,name=PS_CONS_3,type=32,subtype=0,uuid=_a-0000e2cb-d2c4-8000-23f0-01ef9001ef90_44968,parent=6460]
2019-09-30 09:19:28.454 DEBUG content 6463 _a-0000e2cb-d2c4-8000-23f0-01ef9001ef90_44968 Processing reference: Constant.forum
2019-09-30 09:19:28.455 DEBUG content 6463 _a-0000e2cb-d2c4-8000-23f0-01ef9001ef90_44968 Processing reference: Constant.parent
2019-09-30 09:19:28.457 DEBUG content 6463 _a-0000e2cb-d2c4-8000-23f0-01ef9001ef90_44968 Processing reference: com.appiancorp.suiteapi.content.ContentRoleMap@2083f9b0[
  ContentRole[name=readers,inherit=true,allowForAll=false]
  ContentRole[name=authors,inherit=true,allowForAll=false]
  ContentRole[name=administrators,inherit=true,allowForAll=false]
  ContentRole[name=denyReaders,inherit=false,allowForAll=false]
  ContentRole[name=denyAuthors,inherit=false,allowForAll=false]
  ContentRole[name=denyAdministrators,inherit=false,allowForAll=false]
  securityVector=15:SEC_PUBLIC=true,SEC_CREATOR_ADMIN=false,SEC_INH_ADMIN=true,SEC_INH_EDITOR=true,SEC_INH_VIEWER=true,SEC_ALL_ADMIN=false,SEC_ALL_EDITOR=false,SEC_ALL_VIEWER=false
]
2019-09-30 09:19:28.458 DEBUG content 6463 _a-0000e2cb-d2c4-8000-23f0-01ef9001ef90_44968 Processing reference: ContentRole[name=readers,inherit=true,allowForAll=false]
2019-09-30 09:19:28.458 DEBUG content 6463 _a-0000e2cb-d2c4-8000-23f0-01ef9001ef90_44968 Processing reference: ContentRole[name=authors,inherit=true,allowForAll=false]
2019-09-30 09:19:28.458 DEBUG content 6463 _a-0000e2cb-d2c4-8000-23f0-01ef9001ef90_44968 Processing reference: ContentRole[name=administrators,inherit=true,allowForAll=false]
2019-09-30 09:19:28.458 DEBUG content 6463 _a-0000e2cb-d2c4-8000-23f0-01ef9001ef90_44968 Processing reference: ContentRole[name=denyReaders,inherit=false,allowForAll=false]
2019-09-30 09:19:28.458 DEBUG content 6463 _a-0000e2cb-d2c4-8000-23f0-01ef9001ef90_44968 Processing reference: ContentRole[name=denyAuthors,inherit=false,allowForAll=false]
2019-09-30 09:19:28.458 DEBUG content 6463 _a-0000e2cb-d2c4-8000-23f0-01ef9001ef90_44968 Processing reference: ContentRole[name=denyAdministrators,inherit=false,allowForAll=false]
2019-09-30 09:19:28.458 DEBUG content 6463 _a-0000e2cb-d2c4-8000-23f0-01ef9001ef90_44968 Completing produce.
2019-09-30 09:19:28.458 DEBUG content 6463 _a-0000e2cb-d2c4-8000-23f0-01ef9001ef90_44968 Exporting binary resources.
2019-09-30 09:19:28.458 DEBUG content 6463 _a-0000e2cb-d2c4-8000-23f0-01ef9001ef90_44968 Serializing object to XML.
2019-09-30 09:19:28.462 DEBUG content 6463 _a-0000e2cb-d2c4-8000-23f0-01ef9001ef90_44968 Object transported.
2019-09-30 09:19:28.462 DEBUG content 6464 _a-0000e2cb-d2c4-8000-23f0-01ef9001ef90_45302 Begin transport.
2019-09-30 09:19:28.462 DEBUG content 6464 _a-0000e2cb-d2c4-8000-23f0-01ef9001ef90_45302 Retrieving object data.
2019-09-30 09:19:28.471 DEBUG content 6464 _a-0000e2cb-d2c4-8000-23f0-01ef9001ef90_45302 Setting uuids of object references.
2019-09-30 09:19:28.471 DEBUG content 6464 _a-0000e2cb-d2c4-8000-23f0-01ef9001ef90_45302 Processing reference: [Content:id=6464,versionId=-1,name=PS_EMOPLOYEE,type=32,subtype=0,uuid=_a-0000e2cb-d2c4-8000-23f0-01ef9001ef90_45302,parent=6460]
2019-09-30 09:19:28.471 DEBUG content 6464 _a-0000e2cb-d2c4-8000-23f0-01ef9001ef90_45302 Processing reference: Constant.forum
2019-09-30 09:19:28.472 DEBUG content 6464 _a-0000e2cb-d2c4-8000-23f0-01ef9001ef90_45302 Processing reference: Constant.parent
2019-09-30 09:19:28.474 DEBUG content 6464 _a-0000e2cb-d2c4-8000-23f0-01ef9001ef90_45302 Processing reference: com.appiancorp.suiteapi.content.ContentRoleMap@5072b266[
  ContentRole[name=readers,inherit=true,allowForAll=false]
  ContentRole[name=authors,inherit=true,allowForAll=false]
  ContentRole[name=administrators,inherit=true,allowForAll=false]
  ContentRole[name=denyReaders,inherit=false,allowForAll=false]
  ContentRole[name=denyAuthors,inherit=false,allowForAll=false]
  ContentRole[name=denyAdministrators,inherit=false,allowForAll=false]
  securityVector=15:SEC_PUBLIC=true,SEC_CREATOR_ADMIN=false,SEC_INH_ADMIN=true,SEC_INH_EDITOR=true,SEC_INH_VIEWER=true,SEC_ALL_ADMIN=false,SEC_ALL_EDITOR=false,SEC_ALL_VIEWER=false
]
2019-09-30 09:19:28.475 DEBUG content 6464 _a-0000e2cb-d2c4-8000-23f0-01ef9001ef90_45302 Processing reference: ContentRole[name=readers,inherit=true,allowForAll=false]
2019-09-30 09:19:28.475 DEBUG content 6464 _a-0000e2cb-d2c4-8000-23f0-01ef9001ef90_45302 Processing reference: ContentRole[name=authors,inherit=true,allowForAll=false]
2019-09-30 09:19:28.475 DEBUG content 6464 _a-0000e2cb-d2c4-8000-23f0-01ef9001ef90_45302 Processing reference: ContentRole[name=administrators,inherit=true,allowForAll=false]
2019-09-30 09:19:28.475 DEBUG content 6464 _a-0000e2cb-d2c4-8000-23f0-01ef9001ef90_45302 Processing reference: ContentRole[name=denyReaders,inherit=false,allowForAll=false]
2019-09-30 09:19:28.475 DEBUG content 6464 _a-0000e2cb-d2c4-8000-23f0-01ef9001ef90_45302 Processing reference: ContentRole[name=denyAuthors,inherit=false,allowForAll=false]
2019-09-30 09:19:28.475 DEBUG content 6464 _a-0000e2cb-d2c4-8000-23f0-01ef9001ef90_45302 Processing reference: ContentRole[name=denyAdministrators,inherit=false,allowForAll=false]
2019-09-30 09:19:28.475 DEBUG content 6464 _a-0000e2cb-d2c4-8000-23f0-01ef9001ef90_45302 Completing produce.
2019-09-30 09:19:28.475 DEBUG content 6464 _a-0000e2cb-d2c4-8000-23f0-01ef9001ef90_45302 Exporting binary resources.
2019-09-30 09:19:28.475 DEBUG content 6464 _a-0000e2cb-d2c4-8000-23f0-01ef9001ef90_45302 Serializing object to XML.
2019-09-30 09:19:28.479 DEBUG content 6464 _a-0000e2cb-d2c4-8000-23f0-01ef9001ef90_45302 Object transported.
2019-09-30 09:19:28.479 DEBUG content 6465 _a-0000e2cb-d2c4-8000-23f0-01ef9001ef90_45308 Begin transport.
2019-09-30 09:19:28.479 DEBUG content 6465 _a-0000e2cb-d2c4-8000-23f0-01ef9001ef90_45308 Retrieving object data.
2019-09-30 09:19:28.488 DEBUG content 6465 _a-0000e2cb-d2c4-8000-23f0-01ef9001ef90_45308 Setting uuids of object references.
2019-09-30 09:19:28.488 DEBUG content 6465 _a-0000e2cb-d2c4-8000-23f0-01ef9001ef90_45308 Processing reference: [Content:id=6465,versionId=-1,name=PS_CUSOMER_1,type=32,subtype=0,uuid=_a-0000e2cb-d2c4-8000-23f0-01ef9001ef90_45308,parent=6460]
2019-09-30 09:19:28.488 DEBUG content 6465 _a-0000e2cb-d2c4-8000-23f0-01ef9001ef90_45308 Processing reference: Constant.forum
2019-09-30 09:19:28.488 DEBUG content 6465 _a-0000e2cb-d2c4-8000-23f0-01ef9001ef90_45308 Processing reference: Constant.parent
2019-09-30 09:19:28.492 DEBUG content 6465 _a-0000e2cb-d2c4-8000-23f0-01ef9001ef90_45308 Processing reference: com.appiancorp.suiteapi.content.ContentRoleMap@53819e51[
  ContentRole[name=readers,inherit=true,allowForAll=false]
  ContentRole[name=authors,inherit=true,allowForAll=false]
  ContentRole[name=administrators,inherit=true,allowForAll=false]
  ContentRole[name=denyReaders,inherit=false,allowForAll=false]
  ContentRole[name=denyAuthors,inherit=false,allowForAll=false]
  ContentRole[name=denyAdministrators,inherit=false,allowForAll=false]
  securityVector=15:SEC_PUBLIC=true,SEC_CREATOR_ADMIN=false,SEC_INH_ADMIN=true,SEC_INH_EDITOR=true,SEC_INH_VIEWER=true,SEC_ALL_ADMIN=false,SEC_ALL_EDITOR=false,SEC_ALL_VIEWER=false
]
2019-09-30 09:19:28.492 DEBUG content 6465 _a-0000e2cb-d2c4-8000-23f0-01ef9001ef90_45308 Processing reference: ContentRole[name=readers,inherit=true,allowForAll=false]
2019-09-30 09:19:28.492 DEBUG content 6465 _a-0000e2cb-d2c4-8000-23f0-01ef9001ef90_45308 Processing reference: ContentRole[name=authors,inherit=true,allowForAll=false]
2019-09-30 09:19:28.492 DEBUG content 6465 _a-0000e2cb-d2c4-8000-23f0-01ef9001ef90_45308 Processing reference: ContentRole[name=administrators,inherit=true,allowForAll=false]
2019-09-30 09:19:28.492 DEBUG content 6465 _a-0000e2cb-d2c4-8000-23f0-01ef9001ef90_45308 Processing reference: ContentRole[name=denyReaders,inherit=false,allowForAll=false]
2019-09-30 09:19:28.492 DEBUG content 6465 _a-0000e2cb-d2c4-8000-23f0-01ef9001ef90_45308 Processing reference: ContentRole[name=denyAuthors,inherit=false,allowForAll=false]
2019-09-30 09:19:28.492 DEBUG content 6465 _a-0000e2cb-d2c4-8000-23f0-01ef9001ef90_45308 Processing reference: ContentRole[name=denyAdministrators,inherit=false,allowForAll=false]
2019-09-30 09:19:28.492 DEBUG content 6465 _a-0000e2cb-d2c4-8000-23f0-01ef9001ef90_45308 Completing produce.
2019-09-30 09:19:28.492 DEBUG content 6465 _a-0000e2cb-d2c4-8000-23f0-01ef9001ef90_45308 Exporting binary resources.
2019-09-30 09:19:28.492 DEBUG content 6465 _a-0000e2cb-d2c4-8000-23f0-01ef9001ef90_45308 Serializing object to XML.
2019-09-30 09:19:28.496 DEBUG content 6465 _a-0000e2cb-d2c4-8000-23f0-01ef9001ef90_45308 Object transported.
2019-09-30 09:19:28.496 DEBUG content 6466 _a-0000e2cb-d2c4-8000-23f0-01ef9001ef90_45468 Begin transport.
2019-09-30 09:19:28.496 DEBUG content 6466 _a-0000e2cb-d2c4-8000-23f0-01ef9001ef90_45468 Retrieving object data.
2019-09-30 09:19:28.518 DEBUG content 6466 _a-0000e2cb-d2c4-8000-23f0-01ef9001ef90_45468 Setting uuids of object references.
2019-09-30 09:19:28.518 DEBUG content 6466 _a-0000e2cb-d2c4-8000-23f0-01ef9001ef90_45468 Processing reference: [Content:id=6466,versionId=-1,name=PS_GetEmployee,type=32,subtype=1,uuid=_a-0000e2cb-d2c4-8000-23f0-01ef9001ef90_45468,parent=6460]
2019-09-30 09:19:28.519 DEBUG content 6466 _a-0000e2cb-d2c4-8000-23f0-01ef9001ef90_45468 Processing reference: FreeformRule.forum
2019-09-30 09:19:28.519 DEBUG content 6466 _a-0000e2cb-d2c4-8000-23f0-01ef9001ef90_45468 Processing reference: TypedVariable[name=fName,it=3,v=]
2019-09-30 09:19:28.521 DEBUG content 6466 _a-0000e2cb-d2c4-8000-23f0-01ef9001ef90_45468 Processing reference: TypedVariable[name=lName,it=3,v=]
2019-09-30 09:19:28.521 DEBUG content 6466 _a-0000e2cb-d2c4-8000-23f0-01ef9001ef90_45468 Processing reference: FreeformRule.parent
2019-09-30 09:19:28.525 DEBUG content 6466 _a-0000e2cb-d2c4-8000-23f0-01ef9001ef90_45468 Processing reference: com.appiancorp.suiteapi.content.ContentRoleMap@163e0c78[
  ContentRole[name=readers,inherit=true,allowForAll=false]
  ContentRole[name=authors,inherit=true,allowForAll=false]
  ContentRole[name=administrators,inherit=true,allowForAll=false]
  ContentRole[name=denyReaders,inherit=false,allowForAll=false]
  ContentRole[name=denyAuthors,inherit=false,allowForAll=false]
  ContentRole[name=denyAdministrators,inherit=false,allowForAll=false]
  securityVector=15:SEC_PUBLIC=true,SEC_CREATOR_ADMIN=false,SEC_INH_ADMIN=true,SEC_INH_EDITOR=true,SEC_INH_VIEWER=true,SEC_ALL_ADMIN=false,SEC_ALL_EDITOR=false,SEC_ALL_VIEWER=false
]
2019-09-30 09:19:28.525 DEBUG content 6466 _a-0000e2cb-d2c4-8000-23f0-01ef9001ef90_45468 Processing reference: ContentRole[name=readers,inherit=true,allowForAll=false]
2019-09-30 09:19:28.525 DEBUG content 6466 _a-0000e2cb-d2c4-8000-23f0-01ef9001ef90_45468 Processing reference: ContentRole[name=authors,inherit=true,allowForAll=false]
2019-09-30 09:19:28.525 DEBUG content 6466 _a-0000e2cb-d2c4-8000-23f0-01ef9001ef90_45468 Processing reference: ContentRole[name=administrators,inherit=true,allowForAll=false]
2019-09-30 09:19:28.525 DEBUG content 6466 _a-0000e2cb-d2c4-8000-23f0-01ef9001ef90_45468 Processing reference: ContentRole[name=denyReaders,inherit=false,allowForAll=false]
2019-09-30 09:19:28.525 DEBUG content 6466 _a-0000e2cb-d2c4-8000-23f0-01ef9001ef90_45468 Processing reference: ContentRole[name=denyAuthors,inherit=false,allowForAll=false]
2019-09-30 09:19:28.525 DEBUG content 6466 _a-0000e2cb-d2c4-8000-23f0-01ef9001ef90_45468 Processing reference: ContentRole[name=denyAdministrators,inherit=false,allowForAll=false]
2019-09-30 09:19:28.527 DEBUG content 6466 _a-0000e2cb-d2c4-8000-23f0-01ef9001ef90_45468 Completing produce.
2019-09-30 09:19:28.527 DEBUG content 6466 _a-0000e2cb-d2c4-8000-23f0-01ef9001ef90_45468 Exporting binary resources.
2019-09-30 09:19:28.527 DEBUG content 6466 _a-0000e2cb-d2c4-8000-23f0-01ef9001ef90_45468 Serializing object to XML.
2019-09-30 09:19:28.537 DEBUG content 6466 _a-0000e2cb-d2c4-8000-23f0-01ef9001ef90_45468 Object transported.
2019-09-30 09:19:28.537 DEBUG content 6467 _a-0000e2cb-d2c4-8000-23f0-01ef9001ef90_45488 Begin transport.
2019-09-30 09:19:28.537 DEBUG content 6467 _a-0000e2cb-d2c4-8000-23f0-01ef9001ef90_45488 Retrieving object data.
2019-09-30 09:19:28.553 DEBUG content 6467 _a-0000e2cb-d2c4-8000-23f0-01ef9001ef90_45488 Setting uuids of object references.
2019-09-30 09:19:28.553 DEBUG content 6467 _a-0000e2cb-d2c4-8000-23f0-01ef9001ef90_45488 Processing reference: [Content:id=6467,versionId=-1,name=PS_getCustomer,type=32,subtype=1,uuid=_a-0000e2cb-d2c4-8000-23f0-01ef9001ef90_45488,parent=6460]
2019-09-30 09:19:28.553 DEBUG content 6467 _a-0000e2cb-d2c4-8000-23f0-01ef9001ef90_45488 Processing reference: FreeformRule.forum
2019-09-30 09:19:28.554 DEBUG content 6467 _a-0000e2cb-d2c4-8000-23f0-01ef9001ef90_45488 Processing reference: TypedVariable[name=name,it=3,v=]
2019-09-30 09:19:28.554 DEBUG content 6467 _a-0000e2cb-d2c4-8000-23f0-01ef9001ef90_45488 Processing reference: FreeformRule.parent
2019-09-30 09:19:28.557 DEBUG content 6467 _a-0000e2cb-d2c4-8000-23f0-01ef9001ef90_45488 Processing reference: com.appiancorp.suiteapi.content.ContentRoleMap@40bf1f24[
  ContentRole[name=readers,inherit=true,allowForAll=false]
  ContentRole[name=authors,inherit=true,allowForAll=false]
  ContentRole[name=administrators,inherit=true,allowForAll=false]
  ContentRole[name=denyReaders,inherit=false,allowForAll=false]
  ContentRole[name=denyAuthors,inherit=false,allowForAll=false]
  ContentRole[name=denyAdministrators,inherit=false,allowForAll=false]
  securityVector=15:SEC_PUBLIC=true,SEC_CREATOR_ADMIN=false,SEC_INH_ADMIN=true,SEC_INH_EDITOR=true,SEC_INH_VIEWER=true,SEC_ALL_ADMIN=false,SEC_ALL_EDITOR=false,SEC_ALL_VIEWER=false
]
2019-09-30 09:19:28.557 DEBUG content 6467 _a-0000e2cb-d2c4-8000-23f0-01ef9001ef90_45488 Processing reference: ContentRole[name=readers,inherit=true,allowForAll=false]
2019-09-30 09:19:28.557 DEBUG content 6467 _a-0000e2cb-d2c4-8000-23f0-01ef9001ef90_45488 Processing reference: ContentRole[name=authors,inherit=true,allowForAll=false]
2019-09-30 09:19:28.557 DEBUG content 6467 _a-0000e2cb-d2c4-8000-23f0-01ef9001ef90_45488 Processing reference: ContentRole[name=administrators,inherit=true,allowForAll=false]
2019-09-30 09:19:28.558 DEBUG content 6467 _a-0000e2cb-d2c4-8000-23f0-01ef9001ef90_45488 Processing reference: ContentRole[name=denyReaders,inherit=false,allowForAll=false]
2019-09-30 09:19:28.558 DEBUG content 6467 _a-0000e2cb-d2c4-8000-23f0-01ef9001ef90_45488 Processing reference: ContentRole[name=denyAuthors,inherit=false,allowForAll=false]
2019-09-30 09:19:28.558 DEBUG content 6467 _a-0000e2cb-d2c4-8000-23f0-01ef9001ef90_45488 Processing reference: ContentRole[name=denyAdministrators,inherit=false,allowForAll=false]
2019-09-30 09:19:28.558 DEBUG content 6467 _a-0000e2cb-d2c4-8000-23f0-01ef9001ef90_45488 Completing produce.
2019-09-30 09:19:28.558 DEBUG content 6467 _a-0000e2cb-d2c4-8000-23f0-01ef9001ef90_45488 Exporting binary resources.
2019-09-30 09:19:28.558 DEBUG content 6467 _a-0000e2cb-d2c4-8000-23f0-01ef9001ef90_45488 Serializing object to XML.
2019-09-30 09:19:28.565 DEBUG content 6467 _a-0000e2cb-d2c4-8000-23f0-01ef9001ef90_45488 Object transported.
2019-09-30 09:19:28.565 DEBUG content 6468 _a-0000e2cb-d2c4-8000-23f0-01ef9001ef90_45569 Begin transport.
2019-09-30 09:19:28.565 DEBUG content 6468 _a-0000e2cb-d2c4-8000-23f0-01ef9001ef90_45569 Retrieving object data.
2019-09-30 09:19:28.583 DEBUG content 6468 _a-0000e2cb-d2c4-8000-23f0-01ef9001ef90_45569 Setting uuids of object references.
2019-09-30 09:19:28.583 DEBUG content 6468 _a-0000e2cb-d2c4-8000-23f0-01ef9001ef90_45569 Processing reference: [Content:id=6468,versionId=-1,name=PS_getUsername,type=32,subtype=1,uuid=_a-0000e2cb-d2c4-8000-23f0-01ef9001ef90_45569,parent=6460]
2019-09-30 09:19:28.583 DEBUG content 6468 _a-0000e2cb-d2c4-8000-23f0-01ef9001ef90_45569 Processing reference: FreeformRule.forum
2019-09-30 09:19:28.584 DEBUG content 6468 _a-0000e2cb-d2c4-8000-23f0-01ef9001ef90_45569 Processing reference: FreeformRule.parent
2019-09-30 09:19:28.587 DEBUG content 6468 _a-0000e2cb-d2c4-8000-23f0-01ef9001ef90_45569 Processing reference: com.appiancorp.suiteapi.content.ContentRoleMap@70a90d7d[
  ContentRole[name=readers,inherit=true,allowForAll=false]
  ContentRole[name=authors,inherit=true,allowForAll=false]
  ContentRole[name=administrators,inherit=true,allowForAll=false]
  ContentRole[name=denyReaders,inherit=false,allowForAll=false]
  ContentRole[name=denyAuthors,inherit=false,allowForAll=false]
  ContentRole[name=denyAdministrators,inherit=false,allowForAll=false]
  securityVector=15:SEC_PUBLIC=true,SEC_CREATOR_ADMIN=false,SEC_INH_ADMIN=true,SEC_INH_EDITOR=true,SEC_INH_VIEWER=true,SEC_ALL_ADMIN=false,SEC_ALL_EDITOR=false,SEC_ALL_VIEWER=false
]
2019-09-30 09:19:28.587 DEBUG content 6468 _a-0000e2cb-d2c4-8000-23f0-01ef9001ef90_45569 Processing reference: ContentRole[name=readers,inherit=true,allowForAll=false]
2019-09-30 09:19:28.587 DEBUG content 6468 _a-0000e2cb-d2c4-8000-23f0-01ef9001ef90_45569 Processing reference: ContentRole[name=authors,inherit=true,allowForAll=false]
2019-09-30 09:19:28.587 DEBUG content 6468 _a-0000e2cb-d2c4-8000-23f0-01ef9001ef90_45569 Processing reference: ContentRole[name=administrators,inherit=true,allowForAll=false]
2019-09-30 09:19:28.587 DEBUG content 6468 _a-0000e2cb-d2c4-8000-23f0-01ef9001ef90_45569 Processing reference: ContentRole[name=denyReaders,inherit=false,allowForAll=false]
2019-09-30 09:19:28.587 DEBUG content 6468 _a-0000e2cb-d2c4-8000-23f0-01ef9001ef90_45569 Processing reference: ContentRole[name=denyAuthors,inherit=false,allowForAll=false]
2019-09-30 09:19:28.587 DEBUG content 6468 _a-0000e2cb-d2c4-8000-23f0-01ef9001ef90_45569 Processing reference: ContentRole[name=denyAdministrators,inherit=false,allowForAll=false]
2019-09-30 09:19:28.589 DEBUG content 6468 _a-0000e2cb-d2c4-8000-23f0-01ef9001ef90_45569 Completing produce.
2019-09-30 09:19:28.589 DEBUG content 6468 _a-0000e2cb-d2c4-8000-23f0-01ef9001ef90_45569 Exporting binary resources.
2019-09-30 09:19:28.589 DEBUG content 6468 _a-0000e2cb-d2c4-8000-23f0-01ef9001ef90_45569 Serializing object to XML.
2019-09-30 09:19:28.594 DEBUG content 6468 _a-0000e2cb-d2c4-8000-23f0-01ef9001ef90_45569 Object transported.
2019-09-30 09:19:28.594 DEBUG content 6469 _a-0000e2cb-d2c4-8000-23f0-01ef9001ef90_45632 Begin transport.
2019-09-30 09:19:28.594 DEBUG content 6469 _a-0000e2cb-d2c4-8000-23f0-01ef9001ef90_45632 Retrieving object data.
2019-09-30 09:19:28.605 DEBUG content 6469 _a-0000e2cb-d2c4-8000-23f0-01ef9001ef90_45632 Setting uuids of object references.
2019-09-30 09:19:28.605 DEBUG content 6469 _a-0000e2cb-d2c4-8000-23f0-01ef9001ef90_45632 Processing reference: [Content:id=6469,versionId=-1,name=PS_uiSectionCapturePaymentDetails,type=32,subtype=6,uuid=_a-0000e2cb-d2c4-8000-23f0-01ef9001ef90_45632,parent=6460]
2019-09-30 09:19:28.606 DEBUG content 6469 _a-0000e2cb-d2c4-8000-23f0-01ef9001ef90_45632 Processing reference: Interface.forum
2019-09-30 09:19:28.606 DEBUG content 6469 _a-0000e2cb-d2c4-8000-23f0-01ef9001ef90_45632 Processing reference: TypedVariable[name=fname,it=3,v=]
2019-09-30 09:19:28.607 DEBUG content 6469 _a-0000e2cb-d2c4-8000-23f0-01ef9001ef90_45632 Processing reference: TypedVariable[name=lname,it=3,v=]
2019-09-30 09:19:28.607 DEBUG content 6469 _a-0000e2cb-d2c4-8000-23f0-01ef9001ef90_45632 Processing reference: TypedVariable[name=date,it=3,v=]
2019-09-30 09:19:28.607 DEBUG content 6469 _a-0000e2cb-d2c4-8000-23f0-01ef9001ef90_45632 Processing reference: TypedVariable[name=comments,it=3,v=]
2019-09-30 09:19:28.607 DEBUG content 6469 _a-0000e2cb-d2c4-8000-23f0-01ef9001ef90_45632 Processing reference: TypedVariable[name=btnAction,it=3,v=]
2019-09-30 09:19:28.607 DEBUG content 6469 _a-0000e2cb-d2c4-8000-23f0-01ef9001ef90_45632 Processing reference: Interface.parent
2019-09-30 09:19:28.61 DEBUG content 6469 _a-0000e2cb-d2c4-8000-23f0-01ef9001ef90_45632 Processing reference: com.appiancorp.suiteapi.content.ContentRoleMap@5f2b195c[
  ContentRole[name=readers,inherit=true,allowForAll=false]
  ContentRole[name=authors,inherit=true,allowForAll=false]
  ContentRole[name=administrators,inherit=true,allowForAll=false]
  ContentRole[name=denyReaders,inherit=false,allowForAll=false]
  ContentRole[name=denyAuthors,inherit=false,allowForAll=false]
  ContentRole[name=denyAdministrators,inherit=false,allowForAll=false]
  securityVector=15:SEC_PUBLIC=true,SEC_CREATOR_ADMIN=false,SEC_INH_ADMIN=true,SEC_INH_EDITOR=true,SEC_INH_VIEWER=true,SEC_ALL_ADMIN=false,SEC_ALL_EDITOR=false,SEC_ALL_VIEWER=false
]
2019-09-30 09:19:28.61 DEBUG content 6469 _a-0000e2cb-d2c4-8000-23f0-01ef9001ef90_45632 Processing reference: ContentRole[name=readers,inherit=true,allowForAll=false]
2019-09-30 09:19:28.61 DEBUG content 6469 _a-0000e2cb-d2c4-8000-23f0-01ef9001ef90_45632 Processing reference: ContentRole[name=authors,inherit=true,allowForAll=false]
2019-09-30 09:19:28.61 DEBUG content 6469 _a-0000e2cb-d2c4-8000-23f0-01ef9001ef90_45632 Processing reference: ContentRole[name=administrators,inherit=true,allowForAll=false]
2019-09-30 09:19:28.611 DEBUG content 6469 _a-0000e2cb-d2c4-8000-23f0-01ef9001ef90_45632 Processing reference: ContentRole[name=denyReaders,inherit=false,allowForAll=false]
2019-09-30 09:19:28.611 DEBUG content 6469 _a-0000e2cb-d2c4-8000-23f0-01ef9001ef90_45632 Processing reference: ContentRole[name=denyAuthors,inherit=false,allowForAll=false]
2019-09-30 09:19:28.611 DEBUG content 6469 _a-0000e2cb-d2c4-8000-23f0-01ef9001ef90_45632 Processing reference: ContentRole[name=denyAdministrators,inherit=false,allowForAll=false]
2019-09-30 09:19:28.611 DEBUG content 6469 _a-0000e2cb-d2c4-8000-23f0-01ef9001ef90_45632 Completing produce.
2019-09-30 09:19:28.611 DEBUG content 6469 _a-0000e2cb-d2c4-8000-23f0-01ef9001ef90_45632 Exporting binary resources.
2019-09-30 09:19:28.611 DEBUG content 6469 _a-0000e2cb-d2c4-8000-23f0-01ef9001ef90_45632 Serializing object to XML.
2019-09-30 09:19:28.62 DEBUG content 6469 _a-0000e2cb-d2c4-8000-23f0-01ef9001ef90_45632 Object transported.
2019-09-30 09:19:28.62 DEBUG content 6476 _a-0000e2cb-d2c4-8000-23f0-01ef9001ef90_45665 Begin transport.
2019-09-30 09:19:28.62 DEBUG content 6476 _a-0000e2cb-d2c4-8000-23f0-01ef9001ef90_45665 Retrieving object data.
2019-09-30 09:19:28.631 DEBUG content 6476 _a-0000e2cb-d2c4-8000-23f0-01ef9001ef90_45665 Setting uuids of object references.
2019-09-30 09:19:28.631 DEBUG content 6476 _a-0000e2cb-d2c4-8000-23f0-01ef9001ef90_45665 Processing reference: [Content:id=6476,versionId=-1,name=PAS_getCustomer,type=32,subtype=1,uuid=_a-0000e2cb-d2c4-8000-23f0-01ef9001ef90_45665,parent=6460]
2019-09-30 09:19:28.631 DEBUG content 6476 _a-0000e2cb-d2c4-8000-23f0-01ef9001ef90_45665 Processing reference: FreeformRule.forum
2019-09-30 09:19:28.631 DEBUG content 6476 _a-0000e2cb-d2c4-8000-23f0-01ef9001ef90_45665 Processing reference: FreeformRule.parent
2019-09-30 09:19:28.634 DEBUG content 6476 _a-0000e2cb-d2c4-8000-23f0-01ef9001ef90_45665 Processing reference: com.appiancorp.suiteapi.content.ContentRoleMap@5a9a83d9[
  ContentRole[name=readers,inherit=true,allowForAll=false]
  ContentRole[name=authors,inherit=true,allowForAll=false]
  ContentRole[name=administrators,inherit=true,allowForAll=false]
  ContentRole[name=denyReaders,inherit=false,allowForAll=false]
  ContentRole[name=denyAuthors,inherit=false,allowForAll=false]
  ContentRole[name=denyAdministrators,inherit=false,allowForAll=false]
  securityVector=15:SEC_PUBLIC=true,SEC_CREATOR_ADMIN=false,SEC_INH_ADMIN=true,SEC_INH_EDITOR=true,SEC_INH_VIEWER=true,SEC_ALL_ADMIN=false,SEC_ALL_EDITOR=false,SEC_ALL_VIEWER=false
]
2019-09-30 09:19:28.634 DEBUG content 6476 _a-0000e2cb-d2c4-8000-23f0-01ef9001ef90_45665 Processing reference: ContentRole[name=readers,inherit=true,allowForAll=false]
2019-09-30 09:19:28.634 DEBUG content 6476 _a-0000e2cb-d2c4-8000-23f0-01ef9001ef90_45665 Processing reference: ContentRole[name=authors,inherit=true,allowForAll=false]
2019-09-30 09:19:28.634 DEBUG content 6476 _a-0000e2cb-d2c4-8000-23f0-01ef9001ef90_45665 Processing reference: ContentRole[name=administrators,inherit=true,allowForAll=false]
2019-09-30 09:19:28.635 DEBUG content 6476 _a-0000e2cb-d2c4-8000-23f0-01ef9001ef90_45665 Processing reference: ContentRole[name=denyReaders,inherit=false,allowForAll=false]
2019-09-30 09:19:28.635 DEBUG content 6476 _a-0000e2cb-d2c4-8000-23f0-01ef9001ef90_45665 Processing reference: ContentRole[name=denyAuthors,inherit=false,allowForAll=false]
2019-09-30 09:19:28.635 DEBUG content 6476 _a-0000e2cb-d2c4-8000-23f0-01ef9001ef90_45665 Processing reference: ContentRole[name=denyAdministrators,inherit=false,allowForAll=false]
2019-09-30 09:19:28.635 DEBUG content 6476 _a-0000e2cb-d2c4-8000-23f0-01ef9001ef90_45665 Completing produce.
2019-09-30 09:19:28.635 DEBUG content 6476 _a-0000e2cb-d2c4-8000-23f0-01ef9001ef90_45665 Exporting binary resources.
2019-09-30 09:19:28.635 DEBUG content 6476 _a-0000e2cb-d2c4-8000-23f0-01ef9001ef90_45665 Serializing object to XML.
2019-09-30 09:19:28.636 DEBUG content 6476 _a-0000e2cb-d2c4-8000-23f0-01ef9001ef90_45665 Object transported.
2019-09-30 09:19:28.636 DEBUG content 6485 _a-0000e2cb-d2c4-8000-23f0-01ef9001ef90_45671 Begin transport.
2019-09-30 09:19:28.636 DEBUG content 6485 _a-0000e2cb-d2c4-8000-23f0-01ef9001ef90_45671 Retrieving object data.
2019-09-30 09:19:28.645 DEBUG content 6485 _a-0000e2cb-d2c4-8000-23f0-01ef9001ef90_45671 Setting uuids of object references.
2019-09-30 09:19:28.645 DEBUG content 6485 _a-0000e2cb-d2c4-8000-23f0-01ef9001ef90_45671 Processing reference: [Content:id=6477,versionId=-1,name=PAS_getPrimaryDetails,type=32,subtype=1,uuid=_a-0000e2cb-d2c4-8000-23f0-01ef9001ef90_45671,parent=6460]
2019-09-30 09:19:28.645 DEBUG content 6485 _a-0000e2cb-d2c4-8000-23f0-01ef9001ef90_45671 Processing reference: FreeformRule.forum
2019-09-30 09:19:28.646 DEBUG content 6485 _a-0000e2cb-d2c4-8000-23f0-01ef9001ef90_45671 Processing reference: FreeformRule.parent
2019-09-30 09:19:28.648 DEBUG content 6485 _a-0000e2cb-d2c4-8000-23f0-01ef9001ef90_45671 Processing reference: com.appiancorp.suiteapi.content.ContentRoleMap@13982e7a[
  ContentRole[name=readers,inherit=true,allowForAll=false]
  ContentRole[name=authors,inherit=true,allowForAll=false]
  ContentRole[name=administrators,inherit=true,allowForAll=false]
  ContentRole[name=denyReaders,inherit=false,allowForAll=false]
  ContentRole[name=denyAuthors,inherit=false,allowForAll=false]
  ContentRole[name=denyAdministrators,inherit=false,allowForAll=false]
  securityVector=15:SEC_PUBLIC=true,SEC_CREATOR_ADMIN=false,SEC_INH_ADMIN=true,SEC_INH_EDITOR=true,SEC_INH_VIEWER=true,SEC_ALL_ADMIN=false,SEC_ALL_EDITOR=false,SEC_ALL_VIEWER=false
]
2019-09-30 09:19:28.648 DEBUG content 6485 _a-0000e2cb-d2c4-8000-23f0-01ef9001ef90_45671 Processing reference: ContentRole[name=readers,inherit=true,allowForAll=false]
2019-09-30 09:19:28.649 DEBUG content 6485 _a-0000e2cb-d2c4-8000-23f0-01ef9001ef90_45671 Processing reference: ContentRole[name=authors,inherit=true,allowForAll=false]
2019-09-30 09:19:28.649 DEBUG content 6485 _a-0000e2cb-d2c4-8000-23f0-01ef9001ef90_45671 Processing reference: ContentRole[name=administrators,inherit=true,allowForAll=false]
2019-09-30 09:19:28.649 DEBUG content 6485 _a-0000e2cb-d2c4-8000-23f0-01ef9001ef90_45671 Processing reference: ContentRole[name=denyReaders,inherit=false,allowForAll=false]
2019-09-30 09:19:28.649 DEBUG content 6485 _a-0000e2cb-d2c4-8000-23f0-01ef9001ef90_45671 Processing reference: ContentRole[name=denyAuthors,inherit=false,allowForAll=false]
2019-09-30 09:19:28.649 DEBUG content 6485 _a-0000e2cb-d2c4-8000-23f0-01ef9001ef90_45671 Processing reference: ContentRole[name=denyAdministrators,inherit=false,allowForAll=false]
2019-09-30 09:19:28.649 DEBUG content 6485 _a-0000e2cb-d2c4-8000-23f0-01ef9001ef90_45671 Completing produce.
2019-09-30 09:19:28.649 DEBUG content 6485 _a-0000e2cb-d2c4-8000-23f0-01ef9001ef90_45671 Exporting binary resources.
2019-09-30 09:19:28.649 DEBUG content 6485 _a-0000e2cb-d2c4-8000-23f0-01ef9001ef90_45671 Serializing object to XML.
2019-09-30 09:19:28.65 DEBUG content 6485 _a-0000e2cb-d2c4-8000-23f0-01ef9001ef90_45671 Object transported.
2019-09-30 09:19:28.65 DEBUG content 6478 _a-0000e2cb-d2c4-8000-23f0-01ef9001ef90_45677 Begin transport.
2019-09-30 09:19:28.65 DEBUG content 6478 _a-0000e2cb-d2c4-8000-23f0-01ef9001ef90_45677 Retrieving object data.
2019-09-30 09:19:28.658 DEBUG content 6478 _a-0000e2cb-d2c4-8000-23f0-01ef9001ef90_45677 Setting uuids of object references.
2019-09-30 09:19:28.658 DEBUG content 6478 _a-0000e2cb-d2c4-8000-23f0-01ef9001ef90_45677 Processing reference: [Content:id=6478,versionId=-1,name=PAS_CUSTOMER_ID,type=32,subtype=0,uuid=_a-0000e2cb-d2c4-8000-23f0-01ef9001ef90_45677,parent=6460]
2019-09-30 09:19:28.658 DEBUG content 6478 _a-0000e2cb-d2c4-8000-23f0-01ef9001ef90_45677 Processing reference: Constant.forum
2019-09-30 09:19:28.659 DEBUG content 6478 _a-0000e2cb-d2c4-8000-23f0-01ef9001ef90_45677 Processing reference: Constant.parent
2019-09-30 09:19:28.663 DEBUG content 6478 _a-0000e2cb-d2c4-8000-23f0-01ef9001ef90_45677 Processing reference: com.appiancorp.suiteapi.content.ContentRoleMap@4740d4f0[
  ContentRole[name=readers,inherit=true,allowForAll=false]
  ContentRole[name=authors,inherit=true,allowForAll=false]
  ContentRole[name=administrators,inherit=true,allowForAll=false]
  ContentRole[name=denyReaders,inherit=false,allowForAll=false]
  ContentRole[name=denyAuthors,inherit=false,allowForAll=false]
  ContentRole[name=denyAdministrators,inherit=false,allowForAll=false]
  securityVector=15:SEC_PUBLIC=true,SEC_CREATOR_ADMIN=false,SEC_INH_ADMIN=true,SEC_INH_EDITOR=true,SEC_INH_VIEWER=true,SEC_ALL_ADMIN=false,SEC_ALL_EDITOR=false,SEC_ALL_VIEWER=false
]
2019-09-30 09:19:28.663 DEBUG content 6478 _a-0000e2cb-d2c4-8000-23f0-01ef9001ef90_45677 Processing reference: ContentRole[name=readers,inherit=true,allowForAll=false]
2019-09-30 09:19:28.663 DEBUG content 6478 _a-0000e2cb-d2c4-8000-23f0-01ef9001ef90_45677 Processing reference: ContentRole[name=authors,inherit=true,allowForAll=false]
2019-09-30 09:19:28.663 DEBUG content 6478 _a-0000e2cb-d2c4-8000-23f0-01ef9001ef90_45677 Processing reference: ContentRole[name=administrators,inherit=true,allowForAll=false]
2019-09-30 09:19:28.663 DEBUG content 6478 _a-0000e2cb-d2c4-8000-23f0-01ef9001ef90_45677 Processing reference: ContentRole[name=denyReaders,inherit=false,allowForAll=false]
2019-09-30 09:19:28.663 DEBUG content 6478 _a-0000e2cb-d2c4-8000-23f0-01ef9001ef90_45677 Processing reference: ContentRole[name=denyAuthors,inherit=false,allowForAll=false]
2019-09-30 09:19:28.663 DEBUG content 6478 _a-0000e2cb-d2c4-8000-23f0-01ef9001ef90_45677 Processing reference: ContentRole[name=denyAdministrators,inherit=false,allowForAll=false]
2019-09-30 09:19:28.663 DEBUG content 6478 _a-0000e2cb-d2c4-8000-23f0-01ef9001ef90_45677 Completing produce.
2019-09-30 09:19:28.663 DEBUG content 6478 _a-0000e2cb-d2c4-8000-23f0-01ef9001ef90_45677 Exporting binary resources.
2019-09-30 09:19:28.663 DEBUG content 6478 _a-0000e2cb-d2c4-8000-23f0-01ef9001ef90_45677 Serializing object to XML.
2019-09-30 09:19:28.667 DEBUG content 6478 _a-0000e2cb-d2c4-8000-23f0-01ef9001ef90_45677 Object transported.
2019-09-30 09:19:28.669 DEBUG processModelFolder 6 _g-0000e2cb-d2c4-8000-23f0-014d98014d98_31 Begin transport.
2019-09-30 09:19:28.669 DEBUG processModelFolder 6 _g-0000e2cb-d2c4-8000-23f0-014d98014d98_31 Retrieving object data.
2019-09-30 09:19:28.672 DEBUG processModelFolder 6 _g-0000e2cb-d2c4-8000-23f0-014d98014d98_31 Setting uuids of object references.
2019-09-30 09:19:28.672 DEBUG processModelFolder 6 _g-0000e2cb-d2c4-8000-23f0-014d98014d98_31 Processing reference: ProcessModelFolder.parentFolderId
2019-09-30 09:19:28.674 DEBUG processModelFolder 6 _g-0000e2cb-d2c4-8000-23f0-014d98014d98_31 Processing reference: com.appiancorp.suiteapi.process.ProcessRoleMap@29941c3e[
  Role[name=ADMIN_OWNER]
  Role[name=EDITOR]
  Role[name=EXPLICIT_NONMEMBER]
  Role[name=VIEWER]
  Role[name=MANAGER]
  Role[name=INITIATOR]
]
2019-09-30 09:19:28.674 DEBUG processModelFolder 6 _g-0000e2cb-d2c4-8000-23f0-014d98014d98_31 Processing reference: Role[name=ADMIN_OWNER]
2019-09-30 09:19:28.674 DEBUG processModelFolder 6 _g-0000e2cb-d2c4-8000-23f0-014d98014d98_31 Processing reference: Role[name=EDITOR]
2019-09-30 09:19:28.674 DEBUG processModelFolder 6 _g-0000e2cb-d2c4-8000-23f0-014d98014d98_31 Processing reference: Role[name=EXPLICIT_NONMEMBER]
2019-09-30 09:19:28.674 DEBUG processModelFolder 6 _g-0000e2cb-d2c4-8000-23f0-014d98014d98_31 Processing reference: Role[name=VIEWER]
2019-09-30 09:19:28.674 DEBUG processModelFolder 6 _g-0000e2cb-d2c4-8000-23f0-014d98014d98_31 Processing reference: Role[name=MANAGER]
2019-09-30 09:19:28.674 DEBUG processModelFolder 6 _g-0000e2cb-d2c4-8000-23f0-014d98014d98_31 Processing reference: Role[name=INITIATOR]
2019-09-30 09:19:28.675 DEBUG processModelFolder 6 _g-0000e2cb-d2c4-8000-23f0-014d98014d98_31 Completing produce.
2019-09-30 09:19:28.675 DEBUG processModelFolder 6 _g-0000e2cb-d2c4-8000-23f0-014d98014d98_31 Exporting binary resources.
2019-09-30 09:19:28.675 DEBUG processModelFolder 6 _g-0000e2cb-d2c4-8000-23f0-014d98014d98_31 Serializing object to XML.
2019-09-30 09:19:28.676 DEBUG processModelFolder 6 _g-0000e2cb-d2c4-8000-23f0-014d98014d98_31 Object transported.
2019-09-30 09:19:28.677 DEBUG processModel 161 0002e32c-345b-8000-23f0-014d98014d98 Begin transport.
2019-09-30 09:19:28.677 DEBUG processModel 161 0002e32c-345b-8000-23f0-014d98014d98 Retrieving object data.
2019-09-30 09:19:28.808 DEBUG processModel 161 0002e32c-345b-8000-23f0-014d98014d98 Setting uuids of object references.
2019-09-30 09:19:28.809 DEBUG processModel 161 0002e32c-345b-8000-23f0-014d98014d98 Processing reference: ProcessModelHaul.folderId
2019-09-30 09:19:28.81 DEBUG processModel 161 0002e32c-345b-8000-23f0-014d98014d98 Processing reference: ProcessModelHaul.modelDashboardPageId
2019-09-30 09:19:28.81 DEBUG processModel 161 0002e32c-345b-8000-23f0-014d98014d98 Processing reference: ProcessModelHaul.processDashboardPageId
2019-09-30 09:19:28.811 DEBUG processModel 161 0002e32c-345b-8000-23f0-014d98014d98 Processing reference: ProcessModel.emailAttachmentFolderId
2019-09-30 09:19:28.813 DEBUG processModel 161 0002e32c-345b-8000-23f0-014d98014d98 Processing reference: ActivityClassParameter[name=pmID,it=23,v=<null>]
2019-09-30 09:19:28.813 DEBUG processModel 161 0002e32c-345b-8000-23f0-014d98014d98 Processing reference: ActivityClassParameter[name=inMap,it=111,v={}]
2019-09-30 09:19:28.813 DEBUG processModel 161 0002e32c-345b-8000-23f0-014d98014d98 Processing reference: ActivityClassParameter[name=procInheritsPriority,it=1,v=1]
2019-09-30 09:19:28.813 DEBUG processModel 161 0002e32c-345b-8000-23f0-014d98014d98 Processing reference: ActivityClassParameter[name=pmUUID,it=3,v=]
2019-09-30 09:19:28.813 DEBUG processModel 161 0002e32c-345b-8000-23f0-014d98014d98 Processing reference: ActivityClassParameter[name=isAsynchronous,it=26,v=1]
2019-09-30 09:19:28.813 DEBUG processModel 161 0002e32c-345b-8000-23f0-014d98014d98 Processing reference: ActivityClassParameter[name=isTransparent,it=26,v=1]
2019-09-30 09:19:28.813 DEBUG processModel 161 0002e32c-345b-8000-23f0-014d98014d98 Processing reference: ActivityClassParameter[name=inheritSecurity,it=26,v=0]
2019-09-30 09:19:28.814 DEBUG processModel 161 0002e32c-345b-8000-23f0-014d98014d98 Processing reference: ProcessVariable[name=btnAction,it=3,v=]
2019-09-30 09:19:28.814 DEBUG processModel 161 0002e32c-345b-8000-23f0-014d98014d98 Processing reference: ProcessVariable[name=comments,it=3,v=]
2019-09-30 09:19:28.814 DEBUG processModel 161 0002e32c-345b-8000-23f0-014d98014d98 Processing reference: ProcessVariable[name=date,it=3,v=]
2019-09-30 09:19:28.814 DEBUG processModel 161 0002e32c-345b-8000-23f0-014d98014d98 Processing reference: ProcessVariable[name=fname,it=3,v=]
2019-09-30 09:19:28.814 DEBUG processModel 161 0002e32c-345b-8000-23f0-014d98014d98 Processing reference: ProcessVariable[name=lname,it=3,v=]
2019-09-30 09:19:28.814 DEBUG processModel 161 0002e32c-345b-8000-23f0-014d98014d98 Processing reference: com.appiancorp.suiteapi.process.ProcessRoleMap@1524341b[
  Role[name=ADMIN_OWNER]
  Role[name=EDITOR]
  Role[name=EXPLICIT_NONMEMBER]
  Role[name=VIEWER]
  Role[name=MANAGER]
  Role[name=INITIATOR]
]
2019-09-30 09:19:28.814 DEBUG processModel 161 0002e32c-345b-8000-23f0-014d98014d98 Processing reference: Role[name=ADMIN_OWNER]
2019-09-30 09:19:28.815 DEBUG processModel 161 0002e32c-345b-8000-23f0-014d98014d98 Processing reference: Role[name=EDITOR]
2019-09-30 09:19:28.815 DEBUG processModel 161 0002e32c-345b-8000-23f0-014d98014d98 Processing reference: Role[name=EXPLICIT_NONMEMBER]
2019-09-30 09:19:28.815 DEBUG processModel 161 0002e32c-345b-8000-23f0-014d98014d98 Processing reference: Role[name=VIEWER]
2019-09-30 09:19:28.815 DEBUG processModel 161 0002e32c-345b-8000-23f0-014d98014d98 Processing reference: Role[name=MANAGER]
2019-09-30 09:19:28.815 DEBUG processModel 161 0002e32c-345b-8000-23f0-014d98014d98 Processing reference: Role[name=INITIATOR]
2019-09-30 09:19:28.818 DEBUG processModel 161 0002e32c-345b-8000-23f0-014d98014d98 Completing produce.
2019-09-30 09:19:28.818 DEBUG processModel 161 0002e32c-345b-8000-23f0-014d98014d98 Exporting binary resources.
2019-09-30 09:19:28.818 DEBUG processModel 161 0002e32c-345b-8000-23f0-014d98014d98 Serializing object to XML.
2019-09-30 09:19:28.825 DEBUG processModel 161 0002e32c-345b-8000-23f0-014d98014d98 Object transported.
2019-09-30 09:19:28.825 DEBUG application 6470 _a-0000e2cb-d2c4-8000-23f0-01ef9001ef90_44946 Completing produce.
2019-09-30 09:19:28.825 DEBUG application 6470 _a-0000e2cb-d2c4-8000-23f0-01ef9001ef90_44946 Exporting binary resources.
2019-09-30 09:19:28.825 DEBUG application 6470 _a-0000e2cb-d2c4-8000-23f0-01ef9001ef90_44946 Serializing object to XML.
2019-09-30 09:19:28.827 DEBUG application 6470 _a-0000e2cb-d2c4-8000-23f0-01ef9001ef90_44946 Object transported.
